039c5dac-7460-4235-954c-d218ff9d9262 runner@fv-az337-952:~/work/trained-models-fork/trained-models-fork timestamp=1696018359.910995763s
05bb4609-1b05-44fc-adf2-46f1fee3cc74 runner@fv-az955-804:~/work/trained-models-fork/trained-models-fork timestamp=1696102271.190214294s
076016a2-68be-4309-aa6c-b186a4d1f497 runner@fv-az629-631:~/work/trained-models-fork/trained-models-fork timestamp=1696108233.310036676s
07ca7661-d203-4bb5-84a2-7c64096678a4 runner@fv-az305-151:~/work/trained-models-fork/trained-models-fork timestamp=1696116341.472369223s
0caeb119-621c-476d-8860-84053df1abd7 runner@fv-az735-820:~/work/trained-models-fork/trained-models-fork timestamp=1695874360.010499537s
1dc3c3c3-ce34-4366-aabb-de40ec0738bb runner@fv-az577-383:~/work/trained-models-fork/trained-models-fork timestamp=1695878995.992847185s
1e222220-3813-4a02-8ca8-a5acf5882143 runner@fv-az341-750:~/work/trained-models-fork/trained-models-fork timestamp=1696029435.6027955s
20f313fd-9f39-4fe8-84f8-7fa819679824 runner@fv-az309-857:~/work/trained-models-fork/trained-models-fork timestamp=1695912196.585222686s
23de1e36-bf0c-41f0-a3e9-443184136ff9 runner@fv-az402-49:~/work/trained-models-fork/trained-models-fork timestamp=1696107661.997789819s
26613a15-c225-4980-a455-8f292a120b78 runner@fv-az417-332:~/work/trained-models-fork/trained-models-fork timestamp=1696114356.317428993s
26c78bcc-20e4-4730-b3fd-24c14e181d06 runner@fv-az951-10:~/work/trained-models-fork/trained-models-fork timestamp=1695873901.594381467s
283fc2d4-a6a9-4c27-9598-4480b2b07674 osf-annex-storage timestamp=1695875702.0318947s
2a306350-d198-4663-bbac-33b8b8ec30bb runner@fv-az1032-962:~/work/trained-models-fork/trained-models-fork timestamp=1696120808.140204688s
372ee326-41c8-44ae-8c29-bcde1b1e89df runner@fv-az617-308:~/work/trained-models-fork/trained-models-fork timestamp=1696114041.103230954s
403f1f45-f62c-436e-82ca-39222e4ee058 runner@fv-az444-44:~/work/trained-models-fork/trained-models-fork timestamp=1695878638.100312775s
4907643e-d308-47ae-88df-2028c8afd97d runner@fv-az622-484:~/work/trained-models-fork/trained-models-fork timestamp=1696118523.601047975s
4a98712e-6487-4f8e-9ee2-190af555d97a runner@fv-az189-91:~/work/trained-models-fork/trained-models-fork timestamp=1696115152.180355811s
526e833f-a7ac-4c48-9f8a-79fbfd1e9ee2 runner@fv-az174-18:~/work/trained-models-fork/trained-models-fork timestamp=1695912808.752380341s
54e67e77-b229-4964-b1af-30e8f2c90fc2 runner@fv-az395-910:~/work/trained-models-fork/trained-models-fork timestamp=1696124781.967792013s
5a71ca68-3955-4596-bc1f-f6cc10998036 runner@fv-az1256-796:~/work/trained-models-fork/trained-models-fork timestamp=1696124416.098576961s
616cacc7-d85e-4fab-a880-cbc3ecd49518 runner@fv-az592-781:~/work/trained-models-fork/trained-models-fork timestamp=1696125024.20116592s
6ccba34f-11ad-4de0-9020-c40c8bf2909b runner@fv-az414-585:~/work/trained-models-fork/trained-models-fork timestamp=1695875027.571858122s
75e35317-39a2-4087-9bfe-f1028b203cef runner@fv-az646-806:~/work/trained-models-fork/trained-models-fork timestamp=1696117618.864892365s
79124809-e99e-4853-9a32-bd3a150d4841 runner@fv-az571-287:~/work/trained-models-fork/trained-models-fork timestamp=1696124054.083090445s
7cfaddba-c383-4540-9a13-4a57013421c9 runner@fv-az557-494:~/work/trained-models-fork/trained-models-fork timestamp=1695878475.882376118s
7d469650-7309-44ac-b7b4-ac6911a8546d runner@fv-az548-890:~/work/trained-models-fork/trained-models-fork timestamp=1696115711.853997062s
8881f918-9718-4cc2-b327-24cc90b9c426 osf-storage timestamp=1695409591.2841124s
88f81ca0-39cc-45f9-9318-38dff95859ca runner@fv-az455-935:~/work/trained-models-fork/trained-models-fork timestamp=1695878730.632149985s
8b32c59d-772f-42da-99a5-0c352db081e9 runner@fv-az417-332:~/work/trained-models-fork/trained-models-fork timestamp=1695912240.121540463s
8b4ec6e8-64fb-43ad-849c-1d5c9aeb509a runner@fv-az564-221:~/work/trained-models-fork/trained-models-fork timestamp=1696106997.678629024s
8e07d2e1-f4b9-427f-8b17-4b426725eb2b runner@fv-az882-436:~/work/trained-models-fork/trained-models-fork timestamp=1696116679.115558564s
912f0b49-28e1-4199-a17a-b03264d7126f runner@fv-az417-332:~/work/trained-models-fork/trained-models-fork timestamp=1696116024.705901592s
967d7fe0-c0d3-4c99-b378-8588c83599e3 runner@fv-az246-96:~/work/trained-models-fork/trained-models-fork timestamp=1695878089.698400787s
97580528-85cc-4733-8e7e-1a418c02d38b runner@fv-az358-251:~/work/trained-models-fork/trained-models-fork timestamp=1696127162.97941743s
98aa6037-be8c-4291-94fe-8aeb401ecb4a runner@fv-az358-251:~/work/trained-models-fork/trained-models-fork timestamp=1696117355.59963648s
a519b7c9-8abb-420f-aabc-3e9adffd68e8 runner@fv-az566-100:~/work/trained-models-fork/trained-models-fork timestamp=1695877024.929042708s
acb2fa55-0d09-4f1b-a6fc-bb7f35e365a4 runner@fv-az168-28:~/work/trained-models-fork/trained-models-fork timestamp=1696123672.445652177s
b3dbde15-46bf-48a4-a1c3-7cba7153ba89 runner@fv-az620-105:~/work/trained-models-fork/trained-models-fork timestamp=1696121264.825066397s
bb53c9c1-d45f-44e3-84e6-0ea123fb28c2 runner@fv-az445-299:~/work/trained-models-fork/trained-models-fork timestamp=1696044158.604068108s
bb9eafc2-6c15-4021-896f-8703ac272ba2 runner@fv-az1030-461:~/work/trained-models-fork/trained-models-fork timestamp=1695913082.994242739s
be2a3af8-6495-457c-8f91-64fb83cdac0d gaibo@edwardgaibor:~/OneDrive - University of Massachusetts Boston\Research\OSF\trained-models-fork timestamp=1695409582.1171176s
c65a6d91-b893-44ac-8bb0-5428e8de3ff8 runner@fv-az407-511:~/work/trained-models-fork/trained-models-fork timestamp=1695874640.160858236s
cf099ccf-3e06-4cbb-b841-d4d066debb3f runner@fv-az444-44:~/work/trained-models-fork/trained-models-fork timestamp=1695879071.948664585s
d32da6e7-d9c7-4f85-8fbc-552c9ec4836f runner@fv-az216-253:~/work/trained-models-fork/trained-models-fork timestamp=1696126892.268004435s
d491cf87-6ab2-4a76-bb4f-bffe0b5cbbea runner@fv-az796-810:~/work/trained-models-fork/trained-models-fork timestamp=1695912040.619816892s
edda9de8-93c1-4dae-bbdd-6fd05a01d527 runner@fv-az1256-796:~/work/trained-models-fork/trained-models-fork timestamp=1696118907.20944625s
ede69743-b5dd-45c3-a4b6-31d5e04d503c runner@fv-az955-804:~/work/trained-models-fork/trained-models-fork timestamp=1696114842.859517768s
f5718ebd-bd7d-4858-a594-83259337cdba runner@fv-az189-91:~/work/trained-models-fork/trained-models-fork timestamp=1696036070.978468042s
f73d75f1-16e9-4041-8b9a-353b40cb98c7 runner@fv-az1235-697:~/work/trained-models-fork/trained-models-fork timestamp=1695874184.032391028s
fddca34b-acc1-4a0f-9f69-378770a317c7 runner@fv-az370-900:~/work/trained-models-fork/trained-models-fork timestamp=1695932209.135863689s
